========== Game 1 ==========

Inning 1 - Astros
C. Correa struck out
Y. Alvarez singled
Y. Gurriel struck out
K. Tucker doubled
A. Bregman homered (Y. Alvarez scored) (K. Tucker scored) (A. Bregman scored)
J. Siri struck out
Score: Astros: 3, Braves: 0

Inning 1 - Braves
F. Freeman struck out
A. Riley struck out
A. Duvall struck out
Score: Astros: 3, Braves: 0

Inning 2 - Astros
M. Maldonado struck out
M. Brantley struck out
C. Correa doubled
Y. Alvarez struck out
Score: Astros: 4, Braves: 0

Inning 2 - Braves
J. Pederson struck out
O. Albies struck out
T. d'Arnaud struck out
Score: Astros: 4, Braves: 0

Inning 3 - Astros
Y. Gurriel homered (Y. Gurriel scored)
K. Tucker struck out
A. Bregman struck out
J. Siri struck out
Score: Astros: 4, Braves: 0

Inning 3 - Braves
D. Swanson struck out
J. Soler struck out
F. Freeman struck out
Score: Astros: 4, Braves: 0

Inning 4 - Astros
M. Maldonado struck out
M. Brantley struck out
C. Correa struck out
Score: Astros: 6, Braves: 0

Inning 4 - Braves
A. Riley struck out
A. Duvall struck out
J. Pederson struck out
Score: Astros: 6, Braves: 0

Inning 5 - Astros
Y. Alvarez singled
Y. Gurriel struck out
K. Tucker singled
A. Bregman struck out
J. Siri struck out
Score: Astros: 7, Braves: 0
========== Game 2 ==========

Inning 1 - Astros
M. Brantley struck out
C. Correa struck out
Y. Alvarez struck out
Score: Astros: 0, Braves: 0

Inning 1 - Braves
F. Freeman singled
A. Riley struck out
A. Duvall struck out
J. Pederson struck out
Score: Astros: 0, Braves: 0

Inning 2 - Astros
Y. Gurriel doubled
K. Tucker struck out
A. Bregman struck out
J. Siri struck out
Score: Astros: 0, Braves: 0

Inning 2 - Braves
O. Albies singled
T. d'Arnaud singled
D. Swanson struck out
J. Soler struck out
F. Freeman struck out
Score: Astros: 1, Braves: 4

Inning 3 - Astros
M. Maldonado struck out
M. Brantley struck out
C. Correa struck out
Score: Astros: 1, Braves: 4

Inning 3 - Braves
A. Riley struck out
A. Duvall struck out
J. Pederson struck out
Score: Astros: 1, Braves: 4

Inning 4 - Astros
Y. Alvarez struck out
Y. Gurriel homered (Y. Gurriel scored)
K. Tucker singled
A. Bregman struck out
J. Siri struck out
Score: Astros: 1, Braves: 4

Inning 4 - Braves
O. Albies doubled
T. d'Arnaud singled
D. Swanson singled (O. Albies scored)
J. Soler struck out
F. Freeman homered (T. d'Arnaud scored) (D. Swanson scored) (F. Freeman scored)
A. Riley singled
A. Duvall struck out
J. Pederson struck out
Score: Astros: 1, Braves: 4

Inning 5 - Astros
M. Maldonado struck out
M. Brantley singled
C. Correa struck out
Y. Alvarez singled
Y. Gurriel singled
K. Tucker struck out
Score: Astros: 1, Braves: 4
========== Game 3 ==========

Inning 1 - Astros
K. Tucker struck out
A. Bregman struck out
J. Siri struck out
Score: Astros: 0, Braves: 0

Inning 1 - Braves
J. Soler struck out
F. Freeman struck out
A. Riley struck out
Score: Astros: 0, Braves: 0

Inning 2 - Astros
M. Maldonado struck out
M. Brantley struck out
C. Correa struck out
Score: Astros: 0, Braves: 0

Inning 2 - Braves
A. Duvall struck out
J. Pederson struck out
O. Albies struck out
Score: Astros: 0, Braves: 1

Inning 3 - Astros
Y. Alvarez struck out
Y. Gurriel singled
K. Tucker struck out
A. Bregman doubled
J. Siri struck out
Score: Astros: 0, Braves: 1

Inning 3 - Braves
T. d'Arnaud struck out
D. Swanson struck out
J. Soler struck out
Score: Astros: 1, Braves: 1

Inning 4 - Astros
M. Maldonado struck out
M. Brantley struck out
C. Correa struck out
Score: Astros: 1, Braves: 1

Inning 4 - Braves
F. Freeman homered (F. Freeman scored)
A. Riley struck out
A. Duvall struck out
J. Pederson struck out
Score: Astros: 1, Braves: 1

Inning 5 - Astros
Y. Alvarez struck out
Y. Gurriel struck out
K. Tucker struck out
Score: Astros: 2, Braves: 1
========== Game 4 ==========

Inning 1 - Astros
M. Maldonado struck out
M. Brantley doubled
C. Correa struck out
Y. Alvarez struck out
Score: Astros: 0, Braves: 0

Inning 1 - Braves
T. d'Arnaud struck out
D. Swanson struck out
J. Soler singled
F. Freeman struck out
Score: Astros: 0, Braves: 0

Inning 2 - Astros
Y. Gurriel struck out
K. Tucker struck out
A. Bregman struck out
Score: Astros: 1, Braves: 0

Inning 2 - Braves
A. Riley struck out
A. Duvall struck out
J. Pederson singled
O. Albies doubled
T. d'Arnaud struck out
Score: Astros: 1, Braves: 0

Inning 3 - Astros
J. Siri homered (J. Siri scored)
M. Maldonado singled
M. Brantley struck out
C. Correa struck out
Y. Alvarez struck out
Score: Astros: 1, Braves: 2

Inning 3 - Braves
D. Swanson singled
J. Soler doubled
F. Freeman struck out
A. Riley struck out
A. Duvall struck out
Score: Astros: 1, Braves: 2

Inning 4 - Astros
Y. Gurriel struck out
K. Tucker struck out
A. Bregman struck out
Score: Astros: 1, Braves: 2

Inning 4 - Braves
J. Pederson struck out
O. Albies singled
T. d'Arnaud struck out
D. Swanson struck out
Score: Astros: 1, Braves: 2

Inning 5 - Astros
J. Siri struck out
M. Maldonado struck out
M. Brantley struck out
Score: Astros: 1, Braves: 2
========== Game 5 ==========

Inning 1 - Astros
M. Maldonado struck out
M. Brantley singled
C. Correa doubled
Y. Alvarez struck out
Y. Gurriel singled (M. Brantley scored)
K. Tucker struck out
Score: Astros: 1, Braves: 2

Inning 1 - Braves
O. Albies singled
T. d'Arnaud doubled
D. Swanson doubled (O. Albies scored) (T. d'Arnaud scored)
J. Soler struck out
F. Freeman struck out
A. Riley struck out
Score: Astros: 1, Braves: 2

Inning 2 - Astros
A. Bregman struck out
J. Siri struck out
M. Maldonado struck out
Score: Astros: 1, Braves: 2

Inning 2 - Braves
A. Duvall struck out
J. Pederson struck out
O. Albies singled
T. d'Arnaud struck out
Score: Astros: 1, Braves: 2

Inning 3 - Astros
M. Brantley struck out
C. Correa struck out
Y. Alvarez struck out
Score: Astros: 2, Braves: 2

Inning 3 - Braves
D. Swanson singled
J. Soler struck out
F. Freeman struck out
A. Riley struck out
Score: Astros: 2, Braves: 2

Inning 4 - Astros
Y. Gurriel struck out
K. Tucker struck out
A. Bregman singled
J. Siri struck out
Score: Astros: 2, Braves: 3

Inning 4 - Braves
A. Duvall struck out
J. Pederson struck out
O. Albies struck out
Score: Astros: 3, Braves: 3

Inning 5 - Astros
M. Maldonado struck out
M. Brantley struck out
C. Correa homered (C. Correa scored)
Y. Alvarez doubled
Y. Gurriel struck out
Score: Astros: 3, Braves: 3

Inning 5 - Braves
T. d'Arnaud struck out
D. Swanson struck out
J. Soler struck out
Score: Astros: 3, Braves: 4
========== Game 6 ==========

Inning 1 - Astros
C. Correa struck out
Y. Alvarez struck out
Y. Gurriel doubled
K. Tucker singled
A. Bregman struck out
Score: Astros: 0, Braves: 1

Inning 1 - Braves
J. Soler homered (J. Soler scored)
F. Freeman struck out
A. Riley singled
A. Duvall struck out
J. Pederson struck out
Score: Astros: 0, Braves: 1

Inning 2 - Astros
J. Siri struck out
M. Maldonado struck out
M. Brantley struck out
Score: Astros: 0, Braves: 1

Inning 2 - Braves
O. Albies struck out
T. d'Arnaud struck out
D. Swanson struck out
Score: Astros: 0, Braves: 2

Inning 3 - Astros
C. Correa struck out
Y. Alvarez struck out
Y. Gurriel singled
K. Tucker struck out
Score: Astros: 0, Braves: 2

Inning 3 - Braves
J. Soler struck out
F. Freeman struck out
A. Riley struck out
Score: Astros: 0, Braves: 4

Inning 4 - Astros
A. Bregman struck out
J. Siri struck out
M. Maldonado struck out
Score: Astros: 0, Braves: 4

Inning 4 - Braves
A. Duvall homered (A. Duvall scored)
J. Pederson struck out
O. Albies struck out
T. d'Arnaud struck out
Score: Astros: 0, Braves: 4

Inning 5 - Astros
M. Brantley struck out
C. Correa struck out
Y. Alvarez struck out
Score: Astros: 1, Braves: 4
